15:55:13.121 [main] INFO  com.ntm.generator.MybatisPlusGeneratorApplication - Starting MybatisPlusGeneratorApplication on pc-wh1909030 with PID 10924 (G:\fly1\mybatis-plus-generator\target\classes started by WH1909030 in G:\fly1\mybatis-plus-generator)
15:55:13.134 [main] INFO  com.ntm.generator.MybatisPlusGeneratorApplication - No active profile set, falling back to default profiles: default
15:55:15.994 [main] INFO  org.apache.coyote.http11.Http11NioProtocol - Initializing ProtocolHandler ["http-nio-8080"]
15:55:16.020 [main] INFO  org.apache.catalina.core.StandardService - Starting service [Tomcat]
15:55:16.021 [main] INFO  org.apache.catalina.core.StandardEngine - Starting Servlet engine: [Apache Tomcat/9.0.21]
15:55:16.459 [main] INFO  org.apache.catalina.core.ContainerBase.[Tomcat].[localhost].[/] - Initializing Spring embedded WebApplicationContext
15:55:16.688 [main] INFO  com.alibaba.druid.spring.boot.autoconfigure.DruidDataSourceAutoConfigure - Init DruidDataSource
15:55:16.963 [main] INFO  com.alibaba.druid.pool.DruidDataSource - {dataSource-1} inited
15:55:19.442 [main] INFO  org.apache.coyote.http11.Http11NioProtocol - Starting ProtocolHandler ["http-nio-8080"]
15:55:19.499 [main] INFO  com.ntm.generator.MybatisPlusGeneratorApplication - Started MybatisPlusGeneratorApplication in 7.978 seconds (JVM running for 9.705)
15:55:26.005 [http-nio-8080-exec-1] INFO  org.apache.catalina.core.ContainerBase.[Tomcat].[localhost].[/] - Initializing Spring DispatcherServlet 'dispatcherServlet'
15:57:54.192 [main] INFO  com.ntm.generator.MybatisPlusGeneratorApplication - Starting MybatisPlusGeneratorApplication on pc-wh1909030 with PID 2924 (G:\fly1\mybatis-plus-generator\target\classes started by WH1909030 in G:\fly1\mybatis-plus-generator)
15:57:54.210 [main] INFO  com.ntm.generator.MybatisPlusGeneratorApplication - No active profile set, falling back to default profiles: default
15:57:57.464 [main] INFO  org.apache.coyote.http11.Http11NioProtocol - Initializing ProtocolHandler ["http-nio-8080"]
15:57:57.488 [main] INFO  org.apache.catalina.core.StandardService - Starting service [Tomcat]
15:57:57.489 [main] INFO  org.apache.catalina.core.StandardEngine - Starting Servlet engine: [Apache Tomcat/9.0.21]
15:57:57.842 [main] INFO  org.apache.catalina.core.ContainerBase.[Tomcat].[localhost].[/] - Initializing Spring embedded WebApplicationContext
15:57:58.063 [main] INFO  com.alibaba.druid.spring.boot.autoconfigure.DruidDataSourceAutoConfigure - Init DruidDataSource
15:57:58.395 [main] INFO  com.alibaba.druid.pool.DruidDataSource - {dataSource-1} inited
15:58:01.129 [main] INFO  org.apache.coyote.http11.Http11NioProtocol - Starting ProtocolHandler ["http-nio-8080"]
15:58:01.188 [main] INFO  com.ntm.generator.MybatisPlusGeneratorApplication - Started MybatisPlusGeneratorApplication in 8.691 seconds (JVM running for 11.12)
15:58:06.257 [http-nio-8080-exec-1] INFO  org.apache.catalina.core.ContainerBase.[Tomcat].[localhost].[/] - Initializing Spring DispatcherServlet 'dispatcherServlet'
16:06:40.822 [main] INFO  com.ntm.generator.MybatisPlusGeneratorApplication - Starting MybatisPlusGeneratorApplication on pc-wh1909030 with PID 8496 (G:\fly1\mybatis-plus-generator\target\classes started by WH1909030 in G:\fly1\mybatis-plus-generator)
16:06:40.833 [main] INFO  com.ntm.generator.MybatisPlusGeneratorApplication - No active profile set, falling back to default profiles: default
16:06:43.957 [main] INFO  org.apache.coyote.http11.Http11NioProtocol - Initializing ProtocolHandler ["http-nio-8080"]
16:06:43.978 [main] INFO  org.apache.catalina.core.StandardService - Starting service [Tomcat]
16:06:43.979 [main] INFO  org.apache.catalina.core.StandardEngine - Starting Servlet engine: [Apache Tomcat/9.0.21]
16:06:44.381 [main] INFO  org.apache.catalina.core.ContainerBase.[Tomcat].[localhost].[/] - Initializing Spring embedded WebApplicationContext
16:06:44.580 [main] INFO  com.alibaba.druid.spring.boot.autoconfigure.DruidDataSourceAutoConfigure - Init DruidDataSource
16:06:44.859 [main] INFO  com.alibaba.druid.pool.DruidDataSource - {dataSource-1} inited
16:06:45.835 [main] INFO  com.alibaba.druid.pool.DruidDataSource - {dataSource-1} closed
16:06:45.839 [main] INFO  org.apache.catalina.core.StandardService - Stopping service [Tomcat]
16:10:13.984 [main] INFO  com.ntm.generator.MybatisPlusGeneratorApplication - Starting MybatisPlusGeneratorApplication on pc-wh1909030 with PID 856 (G:\fly1\mybatis-plus-generator\target\classes started by WH1909030 in G:\fly1\mybatis-plus-generator)
16:10:14.000 [main] INFO  com.ntm.generator.MybatisPlusGeneratorApplication - No active profile set, falling back to default profiles: default
16:10:16.911 [main] INFO  org.apache.coyote.http11.Http11NioProtocol - Initializing ProtocolHandler ["http-nio-8080"]
16:10:16.932 [main] INFO  org.apache.catalina.core.StandardService - Starting service [Tomcat]
16:10:16.934 [main] INFO  org.apache.catalina.core.StandardEngine - Starting Servlet engine: [Apache Tomcat/9.0.21]
16:10:17.258 [main] INFO  org.apache.catalina.core.ContainerBase.[Tomcat].[localhost].[/] - Initializing Spring embedded WebApplicationContext
16:10:17.486 [main] INFO  com.alibaba.druid.spring.boot.autoconfigure.DruidDataSourceAutoConfigure - Init DruidDataSource
16:10:17.768 [main] INFO  com.alibaba.druid.pool.DruidDataSource - {dataSource-1} inited
16:10:20.217 [main] INFO  org.apache.coyote.http11.Http11NioProtocol - Starting ProtocolHandler ["http-nio-8080"]
16:10:20.269 [main] INFO  com.ntm.generator.MybatisPlusGeneratorApplication - Started MybatisPlusGeneratorApplication in 7.722 seconds (JVM running for 9.373)
16:10:26.748 [http-nio-8080-exec-1] INFO  org.apache.catalina.core.ContainerBase.[Tomcat].[localhost].[/] - Initializing Spring DispatcherServlet 'dispatcherServlet'
16:11:46.655 [main] INFO  com.ntm.generator.MybatisPlusGeneratorApplication - Starting MybatisPlusGeneratorApplication on pc-wh1909030 with PID 10384 (G:\fly1\mybatis-plus-generator\target\classes started by WH1909030 in G:\fly1\mybatis-plus-generator)
16:11:46.672 [main] INFO  com.ntm.generator.MybatisPlusGeneratorApplication - No active profile set, falling back to default profiles: default
16:11:49.440 [main] INFO  org.apache.coyote.http11.Http11NioProtocol - Initializing ProtocolHandler ["http-nio-8080"]
16:11:49.463 [main] INFO  org.apache.catalina.core.StandardService - Starting service [Tomcat]
16:11:49.464 [main] INFO  org.apache.catalina.core.StandardEngine - Starting Servlet engine: [Apache Tomcat/9.0.21]
16:11:49.888 [main] INFO  org.apache.catalina.core.ContainerBase.[Tomcat].[localhost].[/] - Initializing Spring embedded WebApplicationContext
16:11:50.104 [main] INFO  com.alibaba.druid.spring.boot.autoconfigure.DruidDataSourceAutoConfigure - Init DruidDataSource
16:11:50.393 [main] INFO  com.alibaba.druid.pool.DruidDataSource - {dataSource-1} inited
16:11:52.953 [main] INFO  org.apache.coyote.http11.Http11NioProtocol - Starting ProtocolHandler ["http-nio-8080"]
16:11:53.010 [main] INFO  com.ntm.generator.MybatisPlusGeneratorApplication - Started MybatisPlusGeneratorApplication in 8.113 seconds (JVM running for 9.751)
16:11:58.805 [http-nio-8080-exec-1] INFO  org.apache.catalina.core.ContainerBase.[Tomcat].[localhost].[/] - Initializing Spring DispatcherServlet 'dispatcherServlet'
16:21:17.351 [main] INFO  com.ntm.generator.MybatisPlusGeneratorApplication - Starting MybatisPlusGeneratorApplication on pc-wh1909030 with PID 11376 (G:\fly1\mybatis-plus-generator\target\classes started by WH1909030 in G:\fly1\mybatis-plus-generator)
16:21:17.366 [main] INFO  com.ntm.generator.MybatisPlusGeneratorApplication - No active profile set, falling back to default profiles: default
16:21:20.612 [main] INFO  org.apache.coyote.http11.Http11NioProtocol - Initializing ProtocolHandler ["http-nio-8080"]
16:21:20.644 [main] INFO  org.apache.catalina.core.StandardService - Starting service [Tomcat]
16:21:20.646 [main] INFO  org.apache.catalina.core.StandardEngine - Starting Servlet engine: [Apache Tomcat/9.0.21]
16:21:21.108 [main] INFO  org.apache.catalina.core.ContainerBase.[Tomcat].[localhost].[/] - Initializing Spring embedded WebApplicationContext
16:21:21.432 [main] INFO  com.alibaba.druid.spring.boot.autoconfigure.DruidDataSourceAutoConfigure - Init DruidDataSource
16:21:21.882 [main] INFO  com.alibaba.druid.pool.DruidDataSource - {dataSource-1} inited
16:21:24.744 [main] INFO  org.apache.coyote.http11.Http11NioProtocol - Starting ProtocolHandler ["http-nio-8080"]
16:21:24.804 [main] INFO  com.ntm.generator.MybatisPlusGeneratorApplication - Started MybatisPlusGeneratorApplication in 8.82 seconds (JVM running for 11.066)
16:24:10.525 [main] INFO  com.ntm.generator.MybatisPlusGeneratorApplication - Starting MybatisPlusGeneratorApplication on pc-wh1909030 with PID 13084 (G:\fly1\mybatis-plus-generator\target\classes started by WH1909030 in G:\fly1\mybatis-plus-generator)
16:24:10.541 [main] INFO  com.ntm.generator.MybatisPlusGeneratorApplication - No active profile set, falling back to default profiles: default
16:24:13.449 [main] INFO  org.apache.coyote.http11.Http11NioProtocol - Initializing ProtocolHandler ["http-nio-8080"]
16:24:13.467 [main] INFO  org.apache.catalina.core.StandardService - Starting service [Tomcat]
16:24:13.469 [main] INFO  org.apache.catalina.core.StandardEngine - Starting Servlet engine: [Apache Tomcat/9.0.21]
16:24:13.829 [main] INFO  org.apache.catalina.core.ContainerBase.[Tomcat].[localhost].[/] - Initializing Spring embedded WebApplicationContext
16:24:14.059 [main] INFO  com.alibaba.druid.spring.boot.autoconfigure.DruidDataSourceAutoConfigure - Init DruidDataSource
16:24:14.354 [main] INFO  com.alibaba.druid.pool.DruidDataSource - {dataSource-1} inited
16:24:17.129 [main] INFO  org.apache.coyote.http11.Http11NioProtocol - Starting ProtocolHandler ["http-nio-8080"]
16:24:17.203 [main] INFO  com.ntm.generator.MybatisPlusGeneratorApplication - Started MybatisPlusGeneratorApplication in 8.614 seconds (JVM running for 10.385)
16:24:22.382 [http-nio-8080-exec-2] INFO  org.apache.catalina.core.ContainerBase.[Tomcat].[localhost].[/] - Initializing Spring DispatcherServlet 'dispatcherServlet'
16:28:58.734 [main] INFO  com.ntm.generator.MybatisPlusGeneratorApplication - Starting MybatisPlusGeneratorApplication on pc-wh1909030 with PID 13280 (G:\fly1\mybatis-plus-generator\target\classes started by WH1909030 in G:\fly1\mybatis-plus-generator)
16:28:58.748 [main] INFO  com.ntm.generator.MybatisPlusGeneratorApplication - No active profile set, falling back to default profiles: default
16:29:02.246 [main] INFO  org.apache.coyote.http11.Http11NioProtocol - Initializing ProtocolHandler ["http-nio-8080"]
16:29:02.276 [main] INFO  org.apache.catalina.core.StandardService - Starting service [Tomcat]
16:29:02.278 [main] INFO  org.apache.catalina.core.StandardEngine - Starting Servlet engine: [Apache Tomcat/9.0.21]
16:29:02.536 [main] INFO  org.apache.catalina.core.ContainerBase.[Tomcat].[localhost].[/] - Initializing Spring embedded WebApplicationContext
16:29:02.740 [main] INFO  com.alibaba.druid.spring.boot.autoconfigure.DruidDataSourceAutoConfigure - Init DruidDataSource
16:29:03.003 [main] INFO  com.alibaba.druid.pool.DruidDataSource - {dataSource-1} inited
16:29:05.507 [main] INFO  org.apache.coyote.http11.Http11NioProtocol - Starting ProtocolHandler ["http-nio-8080"]
16:29:05.569 [main] INFO  com.ntm.generator.MybatisPlusGeneratorApplication - Started MybatisPlusGeneratorApplication in 8.297 seconds (JVM running for 10.382)
16:29:17.329 [http-nio-8080-exec-1] INFO  org.apache.catalina.core.ContainerBase.[Tomcat].[localhost].[/] - Initializing Spring DispatcherServlet 'dispatcherServlet'
16:30:44.842 [main] INFO  com.ntm.generator.MybatisPlusGeneratorApplication - Starting MybatisPlusGeneratorApplication on pc-wh1909030 with PID 10244 (G:\fly1\mybatis-plus-generator\target\classes started by WH1909030 in G:\fly1\mybatis-plus-generator)
16:30:44.854 [main] INFO  com.ntm.generator.MybatisPlusGeneratorApplication - No active profile set, falling back to default profiles: default
16:30:47.914 [main] INFO  org.apache.coyote.http11.Http11NioProtocol - Initializing ProtocolHandler ["http-nio-8080"]
16:30:47.940 [main] INFO  org.apache.catalina.core.StandardService - Starting service [Tomcat]
16:30:47.942 [main] INFO  org.apache.catalina.core.StandardEngine - Starting Servlet engine: [Apache Tomcat/9.0.21]
16:30:48.295 [main] INFO  org.apache.catalina.core.ContainerBase.[Tomcat].[localhost].[/] - Initializing Spring embedded WebApplicationContext
16:30:48.499 [main] INFO  com.alibaba.druid.spring.boot.autoconfigure.DruidDataSourceAutoConfigure - Init DruidDataSource
16:30:48.785 [main] INFO  com.alibaba.druid.pool.DruidDataSource - {dataSource-1} inited
16:30:51.296 [main] INFO  org.apache.coyote.http11.Http11NioProtocol - Starting ProtocolHandler ["http-nio-8080"]
16:30:51.361 [main] INFO  com.ntm.generator.MybatisPlusGeneratorApplication - Started MybatisPlusGeneratorApplication in 8.518 seconds (JVM running for 10.177)
16:34:50.384 [main] INFO  com.ntm.generator.MybatisPlusGeneratorApplication - Starting MybatisPlusGeneratorApplication on pc-wh1909030 with PID 12428 (G:\fly1\mybatis-plus-generator\target\classes started by WH1909030 in G:\fly1\mybatis-plus-generator)
16:34:50.398 [main] INFO  com.ntm.generator.MybatisPlusGeneratorApplication - No active profile set, falling back to default profiles: default
16:34:53.774 [main] INFO  org.apache.coyote.http11.Http11NioProtocol - Initializing ProtocolHandler ["http-nio-8080"]
16:34:53.802 [main] INFO  org.apache.catalina.core.StandardService - Starting service [Tomcat]
16:34:53.804 [main] INFO  org.apache.catalina.core.StandardEngine - Starting Servlet engine: [Apache Tomcat/9.0.21]
16:34:54.055 [main] INFO  org.apache.catalina.core.ContainerBase.[Tomcat].[localhost].[/] - Initializing Spring embedded WebApplicationContext
16:34:54.284 [main] INFO  com.alibaba.druid.spring.boot.autoconfigure.DruidDataSourceAutoConfigure - Init DruidDataSource
16:34:54.575 [main] INFO  com.alibaba.druid.pool.DruidDataSource - {dataSource-1} inited
16:34:57.250 [main] INFO  org.apache.coyote.http11.Http11NioProtocol - Starting ProtocolHandler ["http-nio-8080"]
16:34:57.312 [main] INFO  com.ntm.generator.MybatisPlusGeneratorApplication - Started MybatisPlusGeneratorApplication in 8.446 seconds (JVM running for 11.03)
16:35:06.641 [http-nio-8080-exec-1] INFO  org.apache.catalina.core.ContainerBase.[Tomcat].[localhost].[/] - Initializing Spring DispatcherServlet 'dispatcherServlet'
16:39:43.245 [main] INFO  com.ntm.generator.MybatisPlusGeneratorApplication - Starting MybatisPlusGeneratorApplication on pc-wh1909030 with PID 9528 (G:\fly1\mybatis-plus-generator\target\classes started by WH1909030 in G:\fly1\mybatis-plus-generator)
16:39:43.282 [main] INFO  com.ntm.generator.MybatisPlusGeneratorApplication - No active profile set, falling back to default profiles: default
16:39:46.693 [main] INFO  org.apache.coyote.http11.Http11NioProtocol - Initializing ProtocolHandler ["http-nio-8080"]
16:39:46.718 [main] INFO  org.apache.catalina.core.StandardService - Starting service [Tomcat]
16:39:46.719 [main] INFO  org.apache.catalina.core.StandardEngine - Starting Servlet engine: [Apache Tomcat/9.0.21]
16:39:47.092 [main] INFO  org.apache.catalina.core.ContainerBase.[Tomcat].[localhost].[/] - Initializing Spring embedded WebApplicationContext
16:39:47.288 [main] INFO  com.alibaba.druid.spring.boot.autoconfigure.DruidDataSourceAutoConfigure - Init DruidDataSource
16:39:47.578 [main] INFO  com.alibaba.druid.pool.DruidDataSource - {dataSource-1} inited
16:39:50.105 [main] INFO  org.apache.coyote.http11.Http11NioProtocol - Starting ProtocolHandler ["http-nio-8080"]
16:39:50.161 [main] INFO  com.ntm.generator.MybatisPlusGeneratorApplication - Started MybatisPlusGeneratorApplication in 8.395 seconds (JVM running for 10.86)
16:39:55.895 [http-nio-8080-exec-1] INFO  org.apache.catalina.core.ContainerBase.[Tomcat].[localhost].[/] - Initializing Spring DispatcherServlet 'dispatcherServlet'
16:41:43.379 [main] INFO  com.ntm.generator.MybatisPlusGeneratorApplication - Starting MybatisPlusGeneratorApplication on pc-wh1909030 with PID 7360 (G:\fly1\mybatis-plus-generator\target\classes started by WH1909030 in G:\fly1\mybatis-plus-generator)
16:41:43.395 [main] INFO  com.ntm.generator.MybatisPlusGeneratorApplication - No active profile set, falling back to default profiles: default
16:41:46.453 [main] INFO  org.apache.coyote.http11.Http11NioProtocol - Initializing ProtocolHandler ["http-nio-8080"]
16:41:46.481 [main] INFO  org.apache.catalina.core.StandardService - Starting service [Tomcat]
16:41:46.483 [main] INFO  org.apache.catalina.core.StandardEngine - Starting Servlet engine: [Apache Tomcat/9.0.21]
16:41:46.933 [main] INFO  org.apache.catalina.core.ContainerBase.[Tomcat].[localhost].[/] - Initializing Spring embedded WebApplicationContext
16:41:47.192 [main] INFO  com.alibaba.druid.spring.boot.autoconfigure.DruidDataSourceAutoConfigure - Init DruidDataSource
16:41:47.453 [main] INFO  com.alibaba.druid.pool.DruidDataSource - {dataSource-1} inited
16:41:50.248 [main] INFO  org.apache.coyote.http11.Http11NioProtocol - Starting ProtocolHandler ["http-nio-8080"]
16:41:50.302 [main] INFO  com.ntm.generator.MybatisPlusGeneratorApplication - Started MybatisPlusGeneratorApplication in 8.61 seconds (JVM running for 10.506)
16:42:11.149 [http-nio-8080-exec-1] INFO  org.apache.catalina.core.ContainerBase.[Tomcat].[localhost].[/] - Initializing Spring DispatcherServlet 'dispatcherServlet'
16:52:05.993 [main] INFO  com.ntm.generator.MybatisPlusGeneratorApplication logStarting 50 - Starting MybatisPlusGeneratorApplication on pc-wh1909030 with PID 10260 (G:\fly1\mybatis-plus-generator\target\classes started by WH1909030 in G:\fly1\mybatis-plus-generator)
16:52:06.045 [main] INFO  com.ntm.generator.MybatisPlusGeneratorApplication logStartupProfileInfo 646 - No active profile set, falling back to default profiles: default
16:52:11.827 [main] INFO  org.apache.coyote.http11.Http11NioProtocol log 173 - Initializing ProtocolHandler ["http-nio-8080"]
16:52:11.846 [main] INFO  org.apache.catalina.core.StandardService log 173 - Starting service [Tomcat]
16:52:11.847 [main] INFO  org.apache.catalina.core.StandardEngine log 173 - Starting Servlet engine: [Apache Tomcat/9.0.21]
16:52:12.254 [main] INFO  org.apache.catalina.core.ContainerBase.[Tomcat].[localhost].[/] log 173 - Initializing Spring embedded WebApplicationContext
16:52:12.452 [main] INFO  com.alibaba.druid.spring.boot.autoconfigure.DruidDataSourceAutoConfigure dataSource 56 - Init DruidDataSource
16:52:12.721 [main] INFO  com.alibaba.druid.pool.DruidDataSource init 971 - {dataSource-1} inited
16:52:15.262 [main] INFO  org.apache.coyote.http11.Http11NioProtocol log 173 - Starting ProtocolHandler ["http-nio-8080"]
16:52:15.316 [main] INFO  com.ntm.generator.MybatisPlusGeneratorApplication logStarted 59 - Started MybatisPlusGeneratorApplication in 11.062 seconds (JVM running for 13.31)
16:52:21.000 [http-nio-8080-exec-1] INFO  org.apache.catalina.core.ContainerBase.[Tomcat].[localhost].[/] log 173 - Initializing Spring DispatcherServlet 'dispatcherServlet'
16:52:21.302 [http-nio-8080-exec-1] INFO  com.ntm.generator.orm.service.impl.UserServiceImpl list 36 - SUCCESS!
